<?xml version="1.0" encoding="UTF-8"?>
<!-- Generated by org.testng.reporters.JUnitReportReporter -->
<testsuite hostname="Naveen" failures="0" tests="6" name="api.test.StdBulkImportTest" time="4.412" errors="0" timestamp="2024-03-08T17:51:50 IST" skipped="0">
  <testcase classname="api.test.StdBulkImportTest" name="testDataFromExcel" time="0.529"/>
  <system-out/>
  <testcase classname="api.test.StdBulkImportTest" name="testDataFromExcel" time="0.709"/>
  <system-out/>
  <testcase classname="api.test.StdBulkImportTest" name="viewFileInfo" time="0.498"/>
  <system-out/>
  <testcase classname="api.test.StdBulkImportTest" name="AddStudentExcel" time="0.986"/>
  <system-out/>
  <testcase classname="api.test.StdBulkImportTest" name="getBulkStudentInfo" time="0.895"/>
  <system-out/>
  <testcase classname="api.test.StdBulkImportTest" name="deleteBulkStudent" time="0.795"/>
  <system-out/>
</testsuite> <!-- api.test.StdBulkImportTest -->
