<?xml version="1.0" encoding="UTF-8"?>
<!-- Generated by org.testng.reporters.JUnitReportReporter -->
<testsuite hostname="Naveen" failures="0" tests="3" name="api.test.StudentTest2" time="9.305" errors="0" timestamp="2024-04-11T16:57:14 IST" skipped="0">
  <testcase classname="api.test.StudentTest2" name="createStudentApi" time="3.566"/>
  <system-out/>
  <testcase classname="api.test.StudentTest2" name="getCreatedStudentInfo" time="2.793"/>
  <system-out/>
  <testcase classname="api.test.StudentTest2" name="deleteStudentInfo" time="2.946"/>
  <system-out/>
</testsuite> <!-- api.test.StudentTest2 -->
