<?xml version="1.0" encoding="UTF-8"?>
<!-- Generated by org.testng.reporters.JUnitReportReporter -->
<testsuite hostname="Naveen" failures="0" tests="6" name="api.test.StdBulkImportTest" time="54.002" errors="0" timestamp="2024-04-11T19:11:29 IST" skipped="0">
  <testcase classname="api.test.StdBulkImportTest" name="testDataFromExcel" time="16.160"/>
  <system-out/>
  <testcase classname="api.test.StdBulkImportTest" name="testDataFromExcel" time="5.267"/>
  <system-out/>
  <testcase classname="api.test.StdBulkImportTest" name="viewFileInfo" time="5.004"/>
  <system-out/>
  <testcase classname="api.test.StdBulkImportTest" name="AddStudentExcel" time="6.408"/>
  <system-out/>
  <testcase classname="api.test.StdBulkImportTest" name="getBulkStudentInfo" time="10.945"/>
  <system-out/>
  <testcase classname="api.test.StdBulkImportTest" name="deleteBulkStudent" time="10.218"/>
  <system-out/>
</testsuite> <!-- api.test.StdBulkImportTest -->
