<?xml version="1.0" encoding="UTF-8"?>
<!-- Generated by org.testng.reporters.JUnitReportReporter -->
<testsuite hostname="Naveen" failures="0" tests="3" name="api.test.StudentTest2" time="8.330" errors="0" timestamp="2024-04-12T16:39:10 IST" skipped="0">
  <testcase classname="api.test.StudentTest2" name="createStudentApi" time="2.739"/>
  <system-out/>
  <testcase classname="api.test.StudentTest2" name="getCreatedStudentInfo" time="2.780"/>
  <system-out/>
  <testcase classname="api.test.StudentTest2" name="deleteStudentInfo" time="2.811"/>
  <system-out/>
</testsuite> <!-- api.test.StudentTest2 -->
