<?xml version="1.0" encoding="UTF-8"?>
<!-- Generated by org.testng.reporters.JUnitReportReporter -->
<testsuite hostname="Naveen" failures="0" tests="3" name="api.test.StudentTest2" time="1.321" errors="0" timestamp="2024-03-08T17:51:50 IST" skipped="0">
  <testcase classname="api.test.StudentTest2" name="createStudentApi" time="0.491"/>
  <system-out/>
  <testcase classname="api.test.StudentTest2" name="getCreatedStudentInfo" time="0.410"/>
  <system-out/>
  <testcase classname="api.test.StudentTest2" name="deleteStudentInfo" time="0.420"/>
  <system-out/>
</testsuite> <!-- api.test.StudentTest2 -->
