<?xml version="1.0" encoding="UTF-8"?>
<!-- Generated by org.testng.reporters.JUnitReportReporter -->
<testsuite hostname="Naveen" failures="0" tests="3" name="api.test.StudentTest" time="13.029" errors="0" timestamp="2024-02-27T19:03:53 IST" skipped="0">
  <testcase classname="api.test.StudentTest" name="createStudentApi" time="7.386"/>
  <system-out/>
  <testcase classname="api.test.StudentTest" name="getCreatedStudentInfo" time="2.793"/>
  <system-out/>
  <testcase classname="api.test.StudentTest" name="deleteStudentInfo" time="2.850"/>
  <system-out/>
</testsuite> <!-- api.test.StudentTest -->
