<?xml version="1.0" encoding="UTF-8"?>
<!-- Generated by org.testng.reporters.JUnitReportReporter -->
<testsuite hostname="Naveen" failures="0" tests="3" name="api.test.StudentTest" time="16.048" errors="0" timestamp="2024-03-07T16:33:39 IST" skipped="0">
  <testcase classname="api.test.StudentTest" name="createStudentApi" time="10.199"/>
  <system-out/>
  <testcase classname="api.test.StudentTest" name="getCreatedStudentInfo" time="2.980"/>
  <system-out/>
  <testcase classname="api.test.StudentTest" name="deleteStudentInfo" time="2.869"/>
  <system-out/>
</testsuite> <!-- api.test.StudentTest -->
