<?xml version="1.0" encoding="UTF-8"?>
<!-- Generated by org.testng.reporters.JUnitReportReporter -->
<testsuite hostname="Naveen" failures="0" tests="3" name="api.test.StudentTest" time="18.634" errors="0" timestamp="2024-03-05T19:43:08 IST" skipped="0">
  <testcase classname="api.test.StudentTest" name="createStudentApi" time="12.556"/>
  <system-out/>
  <testcase classname="api.test.StudentTest" name="getCreatedStudentInfo" time="3.137"/>
  <system-out/>
  <testcase classname="api.test.StudentTest" name="deleteStudentInfo" time="2.941"/>
  <system-out/>
</testsuite> <!-- api.test.StudentTest -->
