<?xml version="1.0" encoding="UTF-8"?>
<!-- Generated by org.testng.reporters.JUnitReportReporter -->
<testsuite hostname="Naveen" failures="0" tests="3" name="api.test.StudentTest2" time="23.387" errors="0" timestamp="2024-04-09T17:58:07 IST" skipped="0">
  <testcase classname="api.test.StudentTest2" name="createStudentApi" time="11.221"/>
  <system-out/>
  <testcase classname="api.test.StudentTest2" name="getCreatedStudentInfo" time="7.406"/>
  <system-out/>
  <testcase classname="api.test.StudentTest2" name="deleteStudentInfo" time="4.760"/>
  <system-out/>
</testsuite> <!-- api.test.StudentTest2 -->
