<?xml version="1.0" encoding="UTF-8"?>
<!-- Generated by org.testng.reporters.JUnitReportReporter -->
<testsuite hostname="Naveen" failures="0" tests="3" name="api.test.StudentTest" time="5.137" errors="0" timestamp="2024-03-08T17:51:51 IST" skipped="0">
  <testcase classname="api.test.StudentTest" name="createStudentApi" time="4.155"/>
  <system-out/>
  <testcase classname="api.test.StudentTest" name="getCreatedStudentInfo" time="0.442"/>
  <system-out/>
  <testcase classname="api.test.StudentTest" name="deleteStudentInfo" time="0.540"/>
  <system-out/>
</testsuite> <!-- api.test.StudentTest -->
