<?xml version="1.0" encoding="UTF-8"?>
<!-- Generated by org.testng.reporters.JUnitReportReporter -->
<testsuite hostname="Naveen" failures="0" tests="6" name="api.test.StdBulkImportTest" time="31.047" errors="0" timestamp="2024-03-07T19:45:30 IST" skipped="0">
  <testcase classname="api.test.StdBulkImportTest" name="testDataFromExcel" time="3.130"/>
  <system-out/>
  <testcase classname="api.test.StdBulkImportTest" name="testDataFromExcel" time="8.995"/>
  <system-out/>
  <testcase classname="api.test.StdBulkImportTest" name="viewFileInfo" time="3.344"/>
  <system-out/>
  <testcase classname="api.test.StdBulkImportTest" name="AddStudentExcel" time="3.603"/>
  <system-out/>
  <testcase classname="api.test.StdBulkImportTest" name="getBulkStudentInfo" time="6.174"/>
  <system-out/>
  <testcase classname="api.test.StdBulkImportTest" name="deleteBulkStudent" time="5.801"/>
  <system-out/>
</testsuite> <!-- api.test.StdBulkImportTest -->
