<?xml version="1.0" encoding="UTF-8"?>
<!-- Generated by org.testng.reporters.JUnitReportReporter -->
<testsuite hostname="Naveen" failures="0" tests="3" name="api.test.StudentTest" time="13.787" errors="0" timestamp="2024-04-11T16:57:14 IST" skipped="0">
  <testcase classname="api.test.StudentTest" name="createStudentApi" time="6.330"/>
  <system-out/>
  <testcase classname="api.test.StudentTest" name="getCreatedStudentInfo" time="3.053"/>
  <system-out/>
  <testcase classname="api.test.StudentTest" name="deleteStudentInfo" time="4.404"/>
  <system-out/>
</testsuite> <!-- api.test.StudentTest -->
