<?xml version="1.0" encoding="UTF-8"?>
<!-- Generated by org.testng.reporters.JUnitReportReporter -->
<testsuite hostname="Naveen" failures="0" tests="3" name="api.test.StudentTest" time="13.052" errors="0" timestamp="2024-02-29T19:41:46 IST" skipped="0">
  <testcase classname="api.test.StudentTest" name="createStudentApi" time="6.592"/>
  <system-out/>
  <testcase classname="api.test.StudentTest" name="getCreatedStudentInfo" time="2.825"/>
  <system-out/>
  <testcase classname="api.test.StudentTest" name="deleteStudentInfo" time="3.635"/>
  <system-out/>
</testsuite> <!-- api.test.StudentTest -->
