<?xml version="1.0" encoding="UTF-8"?>
<!-- Generated by org.testng.reporters.JUnitReportReporter -->
<testsuite hostname="Naveen" failures="0" tests="3" name="api.test.StudentTest" time="12.053" errors="0" timestamp="2024-04-12T16:39:10 IST" skipped="0">
  <testcase classname="api.test.StudentTest" name="createStudentApi" time="6.427"/>
  <system-out/>
  <testcase classname="api.test.StudentTest" name="getCreatedStudentInfo" time="2.841"/>
  <system-out/>
  <testcase classname="api.test.StudentTest" name="deleteStudentInfo" time="2.785"/>
  <system-out/>
</testsuite> <!-- api.test.StudentTest -->
