<?xml version="1.0" encoding="UTF-8"?>
<!-- Generated by org.testng.reporters.JUnitReportReporter -->
<testsuite hostname="Naveen" failures="0" tests="2" name="api.payloads.StdBulkImportTest" time="10.595" errors="0" timestamp="2024-02-29T15:59:36 IST" skipped="0">
  <testcase classname="api.payloads.StdBulkImportTest" name="testDataFromExcel" time="7.523"/>
  <system-out/>
  <testcase classname="api.payloads.StdBulkImportTest" name="testDataFromExcel" time="3.072"/>
  <system-out/>
</testsuite> <!-- api.payloads.StdBulkImportTest -->
