<?xml version="1.0" encoding="UTF-8"?>
<!-- Generated by org.testng.reporters.JUnitReportReporter -->
<testsuite hostname="Naveen" failures="0" tests="6" name="api.test.StdBulkImportTest" time="23.736" errors="0" timestamp="2024-04-12T16:39:10 IST" skipped="0">
  <testcase classname="api.test.StdBulkImportTest" name="testDataFromExcel" time="3.399"/>
  <system-out/>
  <testcase classname="api.test.StdBulkImportTest" name="testDataFromExcel" time="2.976"/>
  <system-out/>
  <testcase classname="api.test.StdBulkImportTest" name="viewFileInfo" time="2.770"/>
  <system-out/>
  <testcase classname="api.test.StdBulkImportTest" name="AddStudentExcel" time="3.502"/>
  <system-out/>
  <testcase classname="api.test.StdBulkImportTest" name="getBulkStudentInfo" time="5.447"/>
  <system-out/>
  <testcase classname="api.test.StdBulkImportTest" name="deleteBulkStudent" time="5.642"/>
  <system-out/>
</testsuite> <!-- api.test.StdBulkImportTest -->
