<?xml version="1.0" encoding="UTF-8"?>
<!-- Generated by org.testng.reporters.JUnitReportReporter -->
<testsuite hostname="Naveen" failures="0" tests="1" name="api.endPoints.Auth" time="4.499" errors="0" timestamp="2024-02-26T13:05:43 IST" skipped="0">
  <testcase classname="api.endPoints.Auth" name="getTokenTest" time="4.499"/>
  <system-out/>
</testsuite> <!-- api.endPoints.Auth -->
