<?xml version="1.0" encoding="UTF-8"?>
<!-- Generated by org.testng.reporters.JUnitReportReporter -->
<testsuite hostname="Naveen" failures="0" tests="1" name="api.test.UserTest" time="3.483" errors="0" timestamp="2024-02-26T13:12:54 IST" skipped="0">
  <testcase classname="api.test.UserTest" name="GetStudentAPI" time="3.483"/>
  <system-out/>
</testsuite> <!-- api.test.UserTest -->
