<?xml version="1.0" encoding="UTF-8"?>
<!-- Generated by org.testng.reporters.JUnitReportReporter -->
<testsuite hostname="Naveen" failures="0" tests="3" name="api.test.StudentTest" time="32.753" errors="0" timestamp="2024-04-09T17:58:07 IST" skipped="0">
  <testcase classname="api.test.StudentTest" name="createStudentApi" time="18.005"/>
  <system-out/>
  <testcase classname="api.test.StudentTest" name="getCreatedStudentInfo" time="7.538"/>
  <system-out/>
  <testcase classname="api.test.StudentTest" name="deleteStudentInfo" time="7.210"/>
  <system-out/>
</testsuite> <!-- api.test.StudentTest -->
