<?xml version="1.0" encoding="UTF-8"?>
<!-- Generated by org.testng.reporters.JUnitReportReporter -->
<testsuite hostname="Naveen" failures="0" tests="2" name="api.test.StdBulkImportTest" time="11.478" errors="0" timestamp="2024-02-29T18:30:33 IST" skipped="0">
  <testcase classname="api.test.StdBulkImportTest" name="testDataFromExcel" time="8.252"/>
  <system-out/>
  <testcase classname="api.test.StdBulkImportTest" name="testDataFromExcel" time="3.226"/>
  <system-out/>
</testsuite> <!-- api.test.StdBulkImportTest -->
