<?xml version="1.0" encoding="UTF-8"?>
<!-- Generated by org.testng.reporters.JUnitReportReporter -->
<testsuite hostname="Naveen" failures="0" tests="6" name="api.test.StdBulkImportTest" time="56.247" errors="0" timestamp="2024-04-09T17:58:07 IST" skipped="0">
  <testcase classname="api.test.StdBulkImportTest" name="testDataFromExcel" time="11.417"/>
  <system-out/>
  <testcase classname="api.test.StdBulkImportTest" name="testDataFromExcel" time="7.080"/>
  <system-out/>
  <testcase classname="api.test.StdBulkImportTest" name="viewFileInfo" time="8.228"/>
  <system-out/>
  <testcase classname="api.test.StdBulkImportTest" name="AddStudentExcel" time="5.498"/>
  <system-out/>
  <testcase classname="api.test.StdBulkImportTest" name="getBulkStudentInfo" time="11.766"/>
  <system-out/>
  <testcase classname="api.test.StdBulkImportTest" name="deleteBulkStudent" time="12.258"/>
  <system-out/>
</testsuite> <!-- api.test.StdBulkImportTest -->
